CPUs: 12
Available RAM (approx): 45880 MB

Track count: 18
Median track size (MB): 14.9
Largest track sizes (MB):
  Fire in the Sun - Te6Fe_2j7j4: 14.9 MB
  A Next Time - tpiJTExYv6w: 15.1 MB
  Naomi - XZbl_edMwXw: 16.0 MB
  Kraken - boYofd2XzvM: 16.2 MB
  Cabaret - ORXoG4lcQ1k: 16.5 MB
  INOHA - Saturday Nights (Official Music Video) - N4qQSbiIdH8: 16.5 MB
  INOHA - ALUCARDA (Official Music Video) - w0-WY82Kl00: 18.0 MB
  INOHA - Bullet Boy (Official Music Video) - -v2fK09YNds: 22.0 MB

Empty files count: 0
Small logs (<1KB): 18

Recommended concurrency (conservative): 6
Note: try concurrency=1, then 2, then increase until you see failures or memory pressure.

Candidate temporary/partial files to remove (first 50):

Sample small log contents (up to 3):

--- stems_final/Chance 2 Dance - XAOCZVFU7eY/spleeter.log
INFO:spleeter:File stems_final/Chance 2 Dance - XAOCZVFU7eY/bass.mp3 written succesfully
INFO:spleeter:File stems_final/Chance 2 Dance - XAOCZVFU7eY/vocals.mp3 written succesfully
INFO:spleeter:File stems_final/Chance 2 Dance - XAOCZVFU7eY/other.mp3 written succesfully
INFO:spleeter:File stems_final/Chance 2 Dance - XAOCZVFU7eY/drums.mp3 written succesfully

--- stems_final/Naomi - XZbl_edMwXw/spleeter.log
INFO:spleeter:File stems_final/Naomi - XZbl_edMwXw/bass.mp3 written succesfully
INFO:spleeter:File stems_final/Naomi - XZbl_edMwXw/vocals.mp3 written succesfully
INFO:spleeter:File stems_final/Naomi - XZbl_edMwXw/drums.mp3 written succesfully
INFO:spleeter:File stems_final/Naomi - XZbl_edMwXw/other.mp3 written succesfully

--- stems_final/Murder at the Peach Tree - KFtjw56AdTY/spleeter.log
INFO:spleeter:File stems_final/Murder at the Peach Tree - KFtjw56AdTY/bass.mp3 written succesfully
INFO:spleeter:File stems_final/Murder at the Peach Tree - KFtjw56AdTY/vocals.mp3 written succesfully
INFO:spleeter:File stems_final/Murder at the Peach Tree - KFtjw56AdTY/other.mp3 written succesfully
INFO:spleeter:File stems_final/Murder at the Peach Tree - KFtjw56AdTY/drums.mp3 written succesfully
